mode: set
turtacn/emqx-go/pkg/actor/actor.go:24.36,28.2 1 1
turtacn/emqx-go/pkg/actor/actor.go:31.42,33.2 1 1
turtacn/emqx-go/pkg/actor/actor.go:36.70,37.9 1 1
turtacn/emqx-go/pkg/actor/actor.go:38.20,39.24 1 1
turtacn/emqx-go/pkg/actor/actor.go:40.28,41.18 1 1
turtacn/emqx-go/pkg/actor/actor.go:46.46,48.2 1 1
turtacn/emqx-go/pkg/broker/broker.go:39.25,40.52 1 1
turtacn/emqx-go/pkg/broker/broker.go:40.52,44.3 1 1
turtacn/emqx-go/pkg/broker/broker.go:48.49,49.41 1 1
turtacn/emqx-go/pkg/broker/broker.go:50.22,51.38 1 1
turtacn/emqx-go/pkg/broker/broker.go:52.18,53.34 1 1
turtacn/emqx-go/pkg/broker/broker.go:54.16,55.32 1 1
turtacn/emqx-go/pkg/broker/broker.go:56.20,57.36 1 1
turtacn/emqx-go/pkg/broker/broker.go:61.73,63.2 1 1
turtacn/emqx-go/pkg/broker/broker.go:65.69,66.61 1 1
turtacn/emqx-go/pkg/broker/broker.go:66.61,71.38 2 1
turtacn/emqx-go/pkg/broker/broker.go:71.38,73.4 1 1
turtacn/emqx-go/pkg/broker/broker.go:77.77,78.61 1 1
turtacn/emqx-go/pkg/broker/broker.go:78.61,79.35 1 1
turtacn/emqx-go/pkg/broker/broker.go:79.35,80.29 1 1
turtacn/emqx-go/pkg/broker/broker.go:80.29,82.10 2 1
turtacn/emqx-go/pkg/supervisor/supervisor.go:44.52,46.2 1 1
turtacn/emqx-go/pkg/supervisor/supervisor.go:49.78,50.21 1 1
turtacn/emqx-go/pkg/supervisor/supervisor.go:50.21,52.3 1 1
turtacn/emqx-go/pkg/supervisor/supervisor.go:54.2,54.29 1 1
turtacn/emqx-go/pkg/supervisor/supervisor.go:54.29,58.3 2 1
turtacn/emqx-go/pkg/supervisor/supervisor.go:61.2,63.12 3 1
turtacn/emqx-go/pkg/supervisor/supervisor.go:67.103,70.6 2 1
turtacn/emqx-go/pkg/supervisor/supervisor.go:70.6,72.10 2 1
turtacn/emqx-go/pkg/supervisor/supervisor.go:72.10,75.17 1 1
turtacn/emqx-go/pkg/supervisor/supervisor.go:75.17,76.33 1 1
turtacn/emqx-go/pkg/supervisor/supervisor.go:76.33,78.6 1 1
turtacn/emqx-go/pkg/supervisor/supervisor.go:82.4,82.33 1 1
turtacn/emqx-go/pkg/supervisor/supervisor.go:85.3,85.17 1 1
turtacn/emqx-go/pkg/supervisor/supervisor.go:85.17,87.4 1 1
turtacn/emqx-go/pkg/supervisor/supervisor.go:87.9,89.4 1 1
turtacn/emqx-go/pkg/supervisor/supervisor.go:92.3,92.10 1 1
turtacn/emqx-go/pkg/supervisor/supervisor.go:93.21,95.10 2 1
turtacn/emqx-go/pkg/supervisor/supervisor.go:96.11,96.11 0 1
turtacn/emqx-go/pkg/supervisor/supervisor.go:101.3,102.23 2 1
turtacn/emqx-go/pkg/supervisor/supervisor.go:103.25,104.24 1 1
turtacn/emqx-go/pkg/supervisor/supervisor.go:105.25,107.18 1 1
turtacn/emqx-go/pkg/supervisor/supervisor.go:107.18,109.5 1 1
turtacn/emqx-go/pkg/supervisor/supervisor.go:110.25,112.25 1 1
turtacn/emqx-go/pkg/supervisor/supervisor.go:115.3,115.21 1 1
turtacn/emqx-go/pkg/supervisor/supervisor.go:115.21,118.4 2 1
turtacn/emqx-go/pkg/supervisor/supervisor.go:120.3,122.30 2 1
turtacn/emqx-go/pkg/supervisor/supervisor.go:127.80,131.27 2 1
turtacn/emqx-go/pkg/supervisor/supervisor.go:131.27,133.3 1 0
turtacn/emqx-go/pkg/supervisor/supervisor.go:134.2,134.44 1 1
